Using pre-set license
Built from '2021.3/staging' branch; Version is '2021.3.30f1 (b4360d7cdac4) revision 11810317'; Using compiler version '192829333'; Build Type 'Release'
OS: 'Windows 10  (10.0.19045) 64bit Core' Language: 'en' Physical Memory: 16201 MB
BatchMode: 1, IsHumanControllingUs: 0, StartBugReporterOnCrash: 0, Is64bit: 1, IsPro: 1

COMMAND LINE ARGUMENTS:
D:\Unity Installs\2021.3.30f1\Editor\Unity.exe
-adb2
-batchMode
-noUpm
-name
AssetImportWorker5
-projectPath
D:/Ruby-Adventure-main - Copy
-logFile
Logs/AssetImportWorker5.log
-srvPort
53305
Successfully changed project path to: D:/Ruby-Adventure-main - Copy
D:/Ruby-Adventure-main - Copy
[UnityMemory] Configuration Parameters - Can be set up in boot.config
    "memorysetup-bucket-allocator-granularity=16"
    "memorysetup-bucket-allocator-bucket-count=8"
    "memorysetup-bucket-allocator-block-size=33554432"
    "memorysetup-bucket-allocator-block-count=8"
    "memorysetup-main-allocator-block-size=16777216"
    "memorysetup-thread-allocator-block-size=16777216"
    "memorysetup-gfx-main-allocator-block-size=16777216"
    "memorysetup-gfx-thread-allocator-block-size=16777216"
    "memorysetup-cache-allocator-block-size=4194304"
    "memorysetup-typetree-allocator-block-size=2097152"
    "memorysetup-profiler-bucket-allocator-granularity=16"
    "memorysetup-profiler-bucket-allocator-bucket-count=8"
    "memorysetup-profiler-bucket-allocator-block-size=33554432"
    "memorysetup-profiler-bucket-allocator-block-count=8"
    "memorysetup-profiler-allocator-block-size=16777216"
    "memorysetup-profiler-editor-allocator-block-size=1048576"
    "memorysetup-temp-allocator-size-main=16777216"
    "memorysetup-job-temp-allocator-block-size=2097152"
    "memorysetup-job-temp-allocator-block-size-background=1048576"
    "memorysetup-job-temp-allocator-reduction-small-platforms=262144"
    "memorysetup-temp-allocator-size-background-worker=32768"
    "memorysetup-temp-allocator-size-job-worker=262144"
    "memorysetup-temp-allocator-size-preload-manager=33554432"
    "memorysetup-temp-allocator-size-nav-mesh-worker=65536"
    "memorysetup-temp-allocator-size-audio-worker=65536"
    "memorysetup-temp-allocator-size-cloud-worker=32768"
    "memorysetup-temp-allocator-size-gi-baking-worker=262144"
    "memorysetup-temp-allocator-size-gfx=262144"
Player connection [4248] Host "[IP] 10.40.123.236 [Port] 0 [Flags] 2 [Guid] 610617777 [EditorId] 610617777 [Version] 1048832 [Id] WindowsEditor(7,DESKTOP-LLP2RDJ) [Debug] 1 [PackageName] WindowsEditor [ProjectName] Editor" joined multi-casting on [225.0.0.222:54997]...

Player connection [4248] Host "[IP] 10.40.123.236 [Port] 0 [Flags] 2 [Guid] 610617777 [EditorId] 610617777 [Version] 1048832 [Id] WindowsEditor(7,DESKTOP-LLP2RDJ) [Debug] 1 [PackageName] WindowsEditor [ProjectName] Editor" joined alternative multi-casting on [225.0.0.222:34997]...

[Physics::Module] Initialized MultithreadedJobDispatcher with {0} workers.
Refreshing native plugins compatible for Editor in 133.51 ms, found 4 plugins.
Preloading 0 native plugins for Editor in 0.00 ms.
Initialize engine version: 2021.3.30f1 (b4360d7cdac4)
[Subsystems] Discovering subsystems at path D:/Unity Installs/2021.3.30f1/Editor/Data/Resources/UnitySubsystems
[Subsystems] Discovering subsystems at path D:/Ruby-Adventure-main - Copy/Assets
GfxDevice: creating device client; threaded=0; jobified=0
Direct3D:
    Version:  Direct3D 11.0 [level 11.1]
    Renderer: NVIDIA GeForce GTX 1650 (ID=0x1f91)
    Vendor:   NVIDIA
    VRAM:     3949 MB
    Driver:   31.0.15.3209
Initialize mono
Mono path[0] = 'D:/Unity Installs/2021.3.30f1/Editor/Data/Managed'
Mono path[1] = 'D:/Unity Installs/2021.3.30f1/Editor/Data/MonoBleedingEdge/lib/mono/unityjit-win32'
Mono config path = 'D:/Unity Installs/2021.3.30f1/Editor/Data/MonoBleedingEdge/etc'
Using monoOptions --debugger-agent=transport=dt_socket,embedding=1,server=y,suspend=n,address=127.0.0.1:56968
Begin MonoManager ReloadAssembly
Registering precompiled unity dll's ...
Register platform support module: D:/Unity Installs/2021.3.30f1/Editor/Data/PlaybackEngines/WebGLSupport/UnityEditor.WebGL.Extensions.dll
Register platform support module: D:/Unity Installs/2021.3.30f1/Editor/Data/PlaybackEngines/WindowsStandaloneSupport/UnityEditor.WindowsStandalone.Extensions.dll
Registered in 0.005051 seconds.
Native extension for WindowsStandalone target not found
Native extension for WebGL target not found
Refreshing native plugins compatible for Editor in 182.37 ms, found 4 plugins.
Preloading 0 native plugins for Editor in 0.00 ms.
Mono: successfully reloaded assembly
- Completed reload, in  0.796 seconds
Domain Reload Profiling:
	ReloadAssembly (796ms)
		BeginReloadAssembly (95ms)
			ExecutionOrderSort (0ms)
			DisableScriptedObjects (0ms)
			BackupInstance (0ms)
			ReleaseScriptingObjects (0ms)
			CreateAndSetChildDomain (1ms)
		EndReloadAssembly (582ms)
			LoadAssemblies (94ms)
			RebuildTransferFunctionScriptingTraits (0ms)
			SetupTypeCache (116ms)
			ReleaseScriptCaches (0ms)
			RebuildScriptCaches (32ms)
			SetupLoadedEditorAssemblies (394ms)
				LogAssemblyErrors (0ms)
				InitializePlatformSupportModulesInManaged (9ms)
				SetLoadedEditorAssemblies (0ms)
				RefreshPlugins (182ms)
				BeforeProcessingInitializeOnLoad (2ms)
				ProcessInitializeOnLoadAttributes (143ms)
				ProcessInitializeOnLoadMethodAttributes (57ms)
				AfterProcessingInitializeOnLoad (0ms)
				EditorAssembliesLoaded (0ms)
			ExecutionOrderSort2 (0ms)
			AwakeInstancesAfterBackupRestoration (0ms)
Platform modules already initialized, skipping
Registering precompiled user dll's ...
Registered in 0.005285 seconds.
Begin MonoManager ReloadAssembly
Native extension for WindowsStandalone target not found
Native extension for WebGL target not found
Refreshing native plugins compatible for Editor in 124.53 ms, found 4 plugins.
Preloading 0 native plugins for Editor in 0.00 ms.
Package Manager log level set to [2]
[Package Manager] Server::EnsureServerProcessIsRunning -- launch failed, reason: Unity was launched with the -noUpm command-line argument
[Package Manager] Cannot connect to Unity Package Manager local server
Mono: successfully reloaded assembly
- Completed reload, in  1.695 seconds
Domain Reload Profiling:
	ReloadAssembly (1696ms)
		BeginReloadAssembly (126ms)
			ExecutionOrderSort (0ms)
			DisableScriptedObjects (7ms)
			BackupInstance (0ms)
			ReleaseScriptingObjects (0ms)
			CreateAndSetChildDomain (18ms)
		EndReloadAssembly (1470ms)
			LoadAssemblies (99ms)
			RebuildTransferFunctionScriptingTraits (0ms)
			SetupTypeCache (290ms)
			ReleaseScriptCaches (1ms)
			RebuildScriptCaches (69ms)
			SetupLoadedEditorAssemblies (985ms)
				LogAssemblyErrors (0ms)
				InitializePlatformSupportModulesInManaged (4ms)
				SetLoadedEditorAssemblies (0ms)
				RefreshPlugins (125ms)
				BeforeProcessingInitializeOnLoad (121ms)
				ProcessInitializeOnLoadAttributes (638ms)
				ProcessInitializeOnLoadMethodAttributes (93ms)
				AfterProcessingInitializeOnLoad (3ms)
				EditorAssembliesLoaded (0ms)
			ExecutionOrderSort2 (0ms)
			AwakeInstancesAfterBackupRestoration (7ms)
Platform modules already initialized, skipping
========================================================================
Worker process is ready to serve import requests
Launched and connected shader compiler UnityShaderCompiler.exe after 0.05 seconds
Refreshing native plugins compatible for Editor in 0.90 ms, found 4 plugins.
Preloading 0 native plugins for Editor in 0.00 ms.
Unloading 5415 Unused Serialized files (Serialized files now loaded: 0)
Unloading 53 unused Assets / (0.8 MB). Loaded Objects now: 5871.
Memory consumption went from 213.5 MB to 212.7 MB.
Total: 3.938200 ms (FindLiveObjects: 0.500000 ms CreateObjectMapping: 0.435800 ms MarkObjects: 2.683700 ms  DeleteObjects: 0.318000 ms)

AssetImportParameters requested are different than current active one (requested -> active):
  custom:video-decoder-ogg-theora: a1e56fd34408186e4bbccfd4996cb3dc -> 
  custom:container-muxer-webm: aa71ff27fc2769a1b78a27578f13a17b -> 
  custom:container-demuxer-webm: 4f35f7cbe854078d1ac9338744f61a02 -> 
  custom:video-encoder-webm-vp8: eb34c28f22e8b96e1ab97ce403110664 -> 
  custom:video-codec-MediaFoundation-h265: 746d11721c4dcdbdad8f713fa42b33f4 -> 
  custom:CustomObjectIndexerAttribute: 6b0e35c9178b02a6363f3721b7b8e397 -> 
  custom:audio-encoder-webm-vorbis: bf7c407c2cedff20999df2af8eb42d56 -> 
  custom:framework-win-MediaFoundation: 216162199b28c13a410421893ffa2e32 -> 
  custom:SearchIndexIgnoredProperties: e643bd26f0fe6173181afceb89e7c659 -> 
  custom:container-demuxer-ogg: 62fdf1f143b41e24485cea50d1cbac27 -> 
  custom:video-decoder-webm-vp8: 9c59270c3fd7afecdb556c50c9e8de78 -> 
  custom:audio-decoder-ogg-vorbis: bf7c407c2cedff20999df2af8eb42d56 -> 
========================================================================
Received Import Request.
  Time since last request: 374415.122651 seconds.
  path: Assets/HONETi/mobile_cartoon_GUI/psd files/preview/_all_slices/achiev_box_hover.png
  artifactKey: Guid(8bcb05249e54729489f4398b6e98186a) Importer(815301076,1909f56bfc062723c751e8b465ee728b)
Number of updated assets reloaded before import = 0
Start importing Assets/HONETi/mobile_cartoon_GUI/psd files/preview/_all_slices/achiev_box_hover.png using Guid(8bcb05249e54729489f4398b6e98186a) Importer(815301076,1909f56bfc062723c751e8b465ee728b)  -> (artifact id: '1773935990d090656611b619ccd726dd') in 0.190280 seconds 
Number of asset objects unloaded after import = 3
========================================================================
Received Import Request.
  Time since last request: 0.000035 seconds.
  path: Assets/DEMO/Texture/Chicken-Texture/Chicken-Dark-2.png
  artifactKey: Guid(15b6e1adc8db0bf45b9844244f46a0cb) Importer(815301076,1909f56bfc062723c751e8b465ee728b)
Number of updated assets reloaded before import = 0
Start importing Assets/DEMO/Texture/Chicken-Texture/Chicken-Dark-2.png using Guid(15b6e1adc8db0bf45b9844244f46a0cb) Importer(815301076,1909f56bfc062723c751e8b465ee728b)  -> (artifact id: '478016d5aeffab06414b78dcf4fe8df7') in 0.168723 seconds 
Number of asset objects unloaded after import = 11
========================================================================
Received Import Request.
  Time since last request: 0.000033 seconds.
  path: Assets/DEMO/Texture/Chicken-Texture/Chicken-Green-1.png
  artifactKey: Guid(63f478ad501c54547bcaa6bcfdb2e2df) Importer(815301076,1909f56bfc062723c751e8b465ee728b)
Number of updated assets reloaded before import = 0
Start importing Assets/DEMO/Texture/Chicken-Texture/Chicken-Green-1.png using Guid(63f478ad501c54547bcaa6bcfdb2e2df) Importer(815301076,1909f56bfc062723c751e8b465ee728b)  -> (artifact id: '95ab3cdd37178481309c59dffcbbcda2') in 0.124557 seconds 
Number of asset objects unloaded after import = 11
========================================================================
Received Import Request.
  Time since last request: 0.383283 seconds.
  path: Assets/DEMO/Texture/Chicken-Texture/Chicken-Minner-1.png
  artifactKey: Guid(1aa24a14cd9555b48871ae31bfbb6134) Importer(815301076,1909f56bfc062723c751e8b465ee728b)
Number of updated assets reloaded before import = 0
Start importing Assets/DEMO/Texture/Chicken-Texture/Chicken-Minner-1.png using Guid(1aa24a14cd9555b48871ae31bfbb6134) Importer(815301076,1909f56bfc062723c751e8b465ee728b)  -> (artifact id: '6d3357caa47a340ed5886aa956096a2a') in 0.094211 seconds 
Number of asset objects unloaded after import = 11
========================================================================
Received Import Request.
  Time since last request: 0.000082 seconds.
  path: Assets/DEMO/Texture/Chicken-Texture/Chicken-Minner-2.png
  artifactKey: Guid(b48a543c0c99c9f4d8310a986303394b) Importer(815301076,1909f56bfc062723c751e8b465ee728b)
Number of updated assets reloaded before import = 0
Start importing Assets/DEMO/Texture/Chicken-Texture/Chicken-Minner-2.png using Guid(b48a543c0c99c9f4d8310a986303394b) Importer(815301076,1909f56bfc062723c751e8b465ee728b)  -> (artifact id: 'd5db5f55705bd831a838d02cb75504bb') in 0.100842 seconds 
Number of asset objects unloaded after import = 11
========================================================================
Received Import Request.
  Time since last request: 0.000029 seconds.
  path: Assets/DEMO/Texture/Chicken-Texture/Chicken-Normal-1.png
  artifactKey: Guid(05b2af3fa6e61d54194ba8d0925d8b06) Importer(815301076,1909f56bfc062723c751e8b465ee728b)
Number of updated assets reloaded before import = 0
Start importing Assets/DEMO/Texture/Chicken-Texture/Chicken-Normal-1.png using Guid(05b2af3fa6e61d54194ba8d0925d8b06) Importer(815301076,1909f56bfc062723c751e8b465ee728b)  -> (artifact id: '3a739582f208aabaadc44d3a5563dc16') in 0.098358 seconds 
Number of asset objects unloaded after import = 11
========================================================================
Received Import Request.
  Time since last request: 0.660078 seconds.
  path: Assets/DEMO/Texture/Bulls-Texture/Bull-Green.png
  artifactKey: Guid(51415bd898c6b4545855fa7a4f5dc045) Importer(815301076,1909f56bfc062723c751e8b465ee728b)
Number of updated assets reloaded before import = 0
Start importing Assets/DEMO/Texture/Bulls-Texture/Bull-Green.png using Guid(51415bd898c6b4545855fa7a4f5dc045) Importer(815301076,1909f56bfc062723c751e8b465ee728b)  -> (artifact id: '2c8d6bf02db021504bacfcac90b5c8da') in 0.106552 seconds 
Number of asset objects unloaded after import = 12
========================================================================
Received Import Request.
  Time since last request: 0.000017 seconds.
  path: Assets/DEMO/Texture/Bulls-Texture/Bull-Minner.png
  artifactKey: Guid(4a1cad9219c139a45a98e2ecb1253b87) Importer(815301076,1909f56bfc062723c751e8b465ee728b)
Number of updated assets reloaded before import = 0
Start importing Assets/DEMO/Texture/Bulls-Texture/Bull-Minner.png using Guid(4a1cad9219c139a45a98e2ecb1253b87) Importer(815301076,1909f56bfc062723c751e8b465ee728b)  -> (artifact id: 'bc9694e1addd982802f373544e07fa9c') in 0.088073 seconds 
Number of asset objects unloaded after import = 12
========================================================================
Received Import Request.
  Time since last request: 0.310309 seconds.
  path: Assets/DEMO/Texture/Cows-Texture/Cow-Green.png
  artifactKey: Guid(09f7881c440846d409443a849b99543a) Importer(815301076,1909f56bfc062723c751e8b465ee728b)
Number of updated assets reloaded before import = 0
Start importing Assets/DEMO/Texture/Cows-Texture/Cow-Green.png using Guid(09f7881c440846d409443a849b99543a) Importer(815301076,1909f56bfc062723c751e8b465ee728b)  -> (artifact id: 'a00625c58b48ccaeb64010fa47b50cfb') in 0.105802 seconds 
Number of asset objects unloaded after import = 12
========================================================================
Received Import Request.
  Time since last request: 0.000034 seconds.
  path: Assets/DEMO/Texture/Cows-Texture/Cow-White.png
  artifactKey: Guid(694770c7458987149ad4748a32017f0f) Importer(815301076,1909f56bfc062723c751e8b465ee728b)
Number of updated assets reloaded before import = 0
Start importing Assets/DEMO/Texture/Cows-Texture/Cow-White.png using Guid(694770c7458987149ad4748a32017f0f) Importer(815301076,1909f56bfc062723c751e8b465ee728b)  -> (artifact id: '82752b3fe286aa411b98b25bde3169f5') in 0.086269 seconds 
Number of asset objects unloaded after import = 12
========================================================================
Received Import Request.
  Time since last request: 0.000047 seconds.
  path: Assets/DEMO/Texture/Pigs-Texture/Pig-Minner-1.png
  artifactKey: Guid(613b80bd4162319428399b62babbdf9b) Importer(815301076,1909f56bfc062723c751e8b465ee728b)
Number of updated assets reloaded before import = 0
Start importing Assets/DEMO/Texture/Pigs-Texture/Pig-Minner-1.png using Guid(613b80bd4162319428399b62babbdf9b) Importer(815301076,1909f56bfc062723c751e8b465ee728b)  -> (artifact id: '4c157b4016bf2fa093b5f881491a6a20') in 0.132984 seconds 
Number of asset objects unloaded after import = 13
========================================================================
Received Import Request.
  Time since last request: 0.000022 seconds.
  path: Assets/HONETi/mobile_cartoon_GUI/psd files/preview/_all_slices/btn_round_big_pressed.png
  artifactKey: Guid(546b7b5b01f1ffd41bac9f24e9bfada1) Importer(815301076,1909f56bfc062723c751e8b465ee728b)
Number of updated assets reloaded before import = 0
Start importing Assets/HONETi/mobile_cartoon_GUI/psd files/preview/_all_slices/btn_round_big_pressed.png using Guid(546b7b5b01f1ffd41bac9f24e9bfada1) Importer(815301076,1909f56bfc062723c751e8b465ee728b)  -> (artifact id: '46dda44606e4ce765d13dfd154869146') in 0.023277 seconds 
Number of asset objects unloaded after import = 3
========================================================================
Received Import Request.
  Time since last request: 0.000019 seconds.
  path: Assets/HONETi/mobile_cartoon_GUI/psd files/preview/_all_slices/btn_round_small.png
  artifactKey: Guid(32e12ed3a94abeb4bbe8773975ad38cc) Importer(815301076,1909f56bfc062723c751e8b465ee728b)
Number of updated assets reloaded before import = 0
Start importing Assets/HONETi/mobile_cartoon_GUI/psd files/preview/_all_slices/btn_round_small.png using Guid(32e12ed3a94abeb4bbe8773975ad38cc) Importer(815301076,1909f56bfc062723c751e8b465ee728b)  -> (artifact id: '956753351b449bfbfe0cff898d9de9e4') in 0.019453 seconds 
Number of asset objects unloaded after import = 3
========================================================================
Received Import Request.
  Time since last request: 0.000024 seconds.
  path: Assets/DEMO/Texture/Sheeps-Texture/Sheep-Minner-2.png
  artifactKey: Guid(dc74551f569bae7409eaf4c5da872214) Importer(815301076,1909f56bfc062723c751e8b465ee728b)
Number of updated assets reloaded before import = 0
Start importing Assets/DEMO/Texture/Sheeps-Texture/Sheep-Minner-2.png using Guid(dc74551f569bae7409eaf4c5da872214) Importer(815301076,1909f56bfc062723c751e8b465ee728b)  -> (artifact id: '2aa111fc3cb5845f44057175d74d2503') in 0.223050 seconds 
Number of asset objects unloaded after import = 13
========================================================================
Received Import Request.
  Time since last request: 0.000028 seconds.
  path: Assets/HONETi/mobile_cartoon_GUI/psd files/preview/_all_slices/flat_icon_back.png
  artifactKey: Guid(216c4230fd542934d8a4ed6a94ec939c) Importer(815301076,1909f56bfc062723c751e8b465ee728b)
Number of updated assets reloaded before import = 0
Start importing Assets/HONETi/mobile_cartoon_GUI/psd files/preview/_all_slices/flat_icon_back.png using Guid(216c4230fd542934d8a4ed6a94ec939c) Importer(815301076,1909f56bfc062723c751e8b465ee728b)  -> (artifact id: '10d726910a182745bac57b9dbc66e452') in 0.013988 seconds 
Number of asset objects unloaded after import = 3
========================================================================
Received Import Request.
  Time since last request: 0.000031 seconds.
  path: Assets/HONETi/mobile_cartoon_GUI/psd files/preview/_all_slices/cursor_left.png
  artifactKey: Guid(95efdda980552b14a820ba3e58165925) Importer(815301076,1909f56bfc062723c751e8b465ee728b)
Number of updated assets reloaded before import = 0
Start importing Assets/HONETi/mobile_cartoon_GUI/psd files/preview/_all_slices/cursor_left.png using Guid(95efdda980552b14a820ba3e58165925) Importer(815301076,1909f56bfc062723c751e8b465ee728b)  -> (artifact id: '0b41872055e3c302e5f4ad3c01533c6f') in 0.022715 seconds 
Number of asset objects unloaded after import = 3
========================================================================
Received Import Request.
  Time since last request: 0.000025 seconds.
  path: Assets/DEMO/Texture/Sheeps-Texture/Sheep-Green-2.png
  artifactKey: Guid(aa697a3fe2dbafa4a9f4e9e0df487ce0) Importer(815301076,1909f56bfc062723c751e8b465ee728b)
Number of updated assets reloaded before import = 0
Start importing Assets/DEMO/Texture/Sheeps-Texture/Sheep-Green-2.png using Guid(aa697a3fe2dbafa4a9f4e9e0df487ce0) Importer(815301076,1909f56bfc062723c751e8b465ee728b)  -> (artifact id: 'b7c4880b490b45b56771ce835a2a77ae') in 0.138633 seconds 
Number of asset objects unloaded after import = 13
========================================================================
Received Import Request.
  Time since last request: 0.000042 seconds.
  path: Assets/DEMO/Texture/Sheeps-Texture/Sheep-Minner-1.png
  artifactKey: Guid(f87b66be0bbb9884f9890597cec476f2) Importer(815301076,1909f56bfc062723c751e8b465ee728b)
Number of updated assets reloaded before import = 0
Start importing Assets/DEMO/Texture/Sheeps-Texture/Sheep-Minner-1.png using Guid(f87b66be0bbb9884f9890597cec476f2) Importer(815301076,1909f56bfc062723c751e8b465ee728b)  -> (artifact id: 'a9674fb82ddedd7b8ca6e9d5a3e82705') in 0.184269 seconds 
Number of asset objects unloaded after import = 13
========================================================================
Received Import Request.
  Time since last request: 0.000027 seconds.
  path: Assets/DEMO/Texture/Pigs-Texture/Pig-Dark-2.png
  artifactKey: Guid(b27fa1bf0ae381c4aba7dcc874189677) Importer(815301076,1909f56bfc062723c751e8b465ee728b)
Number of updated assets reloaded before import = 0
Start importing Assets/DEMO/Texture/Pigs-Texture/Pig-Dark-2.png using Guid(b27fa1bf0ae381c4aba7dcc874189677) Importer(815301076,1909f56bfc062723c751e8b465ee728b)  -> (artifact id: '2b5c0c0d06327728e1fb1eb17b0582f4') in 0.150069 seconds 
Number of asset objects unloaded after import = 13
========================================================================
Received Import Request.
  Time since last request: 0.000021 seconds.
  path: Assets/HONETi/mobile_cartoon_GUI/psd files/preview/_all_slices/btn_+_reg.png
  artifactKey: Guid(02c93becf4507d946ab3b95cc5152dbb) Importer(815301076,1909f56bfc062723c751e8b465ee728b)
Number of updated assets reloaded before import = 0
Start importing Assets/HONETi/mobile_cartoon_GUI/psd files/preview/_all_slices/btn_+_reg.png using Guid(02c93becf4507d946ab3b95cc5152dbb) Importer(815301076,1909f56bfc062723c751e8b465ee728b)  -> (artifact id: '00bdba4d403e51fc67ef5e37b8bf7e53') in 0.020874 seconds 
Number of asset objects unloaded after import = 3
========================================================================
Received Import Request.
  Time since last request: 0.000020 seconds.
  path: Assets/DEMO/Texture/Pigs-Texture/Pig-Pink-1.png
  artifactKey: Guid(80c739a0e37e0b24f84f1664c1b1212e) Importer(815301076,1909f56bfc062723c751e8b465ee728b)
Number of updated assets reloaded before import = 0
Start importing Assets/DEMO/Texture/Pigs-Texture/Pig-Pink-1.png using Guid(80c739a0e37e0b24f84f1664c1b1212e) Importer(815301076,1909f56bfc062723c751e8b465ee728b)  -> (artifact id: '0cbcbfaaa273396781bfa6f9d9b8bc16') in 0.154720 seconds 
Number of asset objects unloaded after import = 13
========================================================================
Received Import Request.
  Time since last request: 0.000030 seconds.
  path: Assets/HONETi/mobile_cartoon_GUI/psd files/preview/_all_slices/btn_+_hov.png
  artifactKey: Guid(586bb35e2c91ea64da42d36b077e6c8c) Importer(815301076,1909f56bfc062723c751e8b465ee728b)
Number of updated assets reloaded before import = 0
Start importing Assets/HONETi/mobile_cartoon_GUI/psd files/preview/_all_slices/btn_+_hov.png using Guid(586bb35e2c91ea64da42d36b077e6c8c) Importer(815301076,1909f56bfc062723c751e8b465ee728b)  -> (artifact id: '9a4d80533114673dd03abc90c9f63636') in 0.021741 seconds 
Number of asset objects unloaded after import = 3
========================================================================
Received Import Request.
  Time since last request: 0.000021 seconds.
  path: Assets/HONETi/mobile_cartoon_GUI/psd files/preview/_all_slices/btn_round_big.png
  artifactKey: Guid(242fffb8377372b47895ec20f5a5ec2d) Importer(815301076,1909f56bfc062723c751e8b465ee728b)
Number of updated assets reloaded before import = 0
Start importing Assets/HONETi/mobile_cartoon_GUI/psd files/preview/_all_slices/btn_round_big.png using Guid(242fffb8377372b47895ec20f5a5ec2d) Importer(815301076,1909f56bfc062723c751e8b465ee728b)  -> (artifact id: 'c9d3e778f4deca4f5a0d287716bb695d') in 0.020750 seconds 
Number of asset objects unloaded after import = 3
========================================================================
Received Import Request.
  Time since last request: 0.000022 seconds.
  path: Assets/DEMO/Texture/Sheeps-Texture/Sheep-Green-1.png
  artifactKey: Guid(70f7b0ad19f7b9d45b6a326266343dcd) Importer(815301076,1909f56bfc062723c751e8b465ee728b)
Number of updated assets reloaded before import = 0
Start importing Assets/DEMO/Texture/Sheeps-Texture/Sheep-Green-1.png using Guid(70f7b0ad19f7b9d45b6a326266343dcd) Importer(815301076,1909f56bfc062723c751e8b465ee728b)  -> (artifact id: '571e0432d5315ffb4e0aa76239967017') in 0.146580 seconds 
Number of asset objects unloaded after import = 13
========================================================================
Received Import Request.
  Time since last request: 0.000025 seconds.
  path: Assets/DEMO/Texture/Sheeps-Texture/Sheep-Dark-1.png
  artifactKey: Guid(e77f8f42ba856b54dac32cd7f1bc9c17) Importer(815301076,1909f56bfc062723c751e8b465ee728b)
Number of updated assets reloaded before import = 0
Start importing Assets/DEMO/Texture/Sheeps-Texture/Sheep-Dark-1.png using Guid(e77f8f42ba856b54dac32cd7f1bc9c17) Importer(815301076,1909f56bfc062723c751e8b465ee728b)  -> (artifact id: '890f38ee48d6e5c7b7fca9b4f0bbb513') in 0.150056 seconds 
Number of asset objects unloaded after import = 13
========================================================================
Received Import Request.
  Time since last request: 0.000026 seconds.
  path: Assets/DEMO/Texture/Pigs-Texture/Pig-Green-2.png
  artifactKey: Guid(77ee2c8e57c44de49b23ed3e5e0d5dae) Importer(815301076,1909f56bfc062723c751e8b465ee728b)
Number of updated assets reloaded before import = 0
Start importing Assets/DEMO/Texture/Pigs-Texture/Pig-Green-2.png using Guid(77ee2c8e57c44de49b23ed3e5e0d5dae) Importer(815301076,1909f56bfc062723c751e8b465ee728b)  -> (artifact id: 'b8b1ccc87f09b3d4d8762eb3bbda35ca') in 0.132084 seconds 
Number of asset objects unloaded after import = 13
========================================================================
Received Import Request.
  Time since last request: 0.000020 seconds.
  path: Assets/HONETi/mobile_cartoon_GUI/psd files/preview/_all_slices/btn_round_small_hover.png
  artifactKey: Guid(942aa81d1f54ac146a6d17c968e799e2) Importer(815301076,1909f56bfc062723c751e8b465ee728b)
Number of updated assets reloaded before import = 0
Start importing Assets/HONETi/mobile_cartoon_GUI/psd files/preview/_all_slices/btn_round_small_hover.png using Guid(942aa81d1f54ac146a6d17c968e799e2) Importer(815301076,1909f56bfc062723c751e8b465ee728b)  -> (artifact id: '5cbc3cdc618d9ea6148daca55e732926') in 0.018742 seconds 
Number of asset objects unloaded after import = 3
========================================================================
Received Import Request.
  Time since last request: 0.000017 seconds.
  path: Assets/HONETi/mobile_cartoon_GUI/psd files/preview/_all_slices/btn_-_pressed.png
  artifactKey: Guid(a5ebf6afe1400734392f7169bf8b60a7) Importer(815301076,1909f56bfc062723c751e8b465ee728b)
Number of updated assets reloaded before import = 0
Start importing Assets/HONETi/mobile_cartoon_GUI/psd files/preview/_all_slices/btn_-_pressed.png using Guid(a5ebf6afe1400734392f7169bf8b60a7) Importer(815301076,1909f56bfc062723c751e8b465ee728b)  -> (artifact id: 'b9ec2bd45af3c6e33ef8329e8a6991f2') in 0.018394 seconds 
Number of asset objects unloaded after import = 3
========================================================================
Received Import Request.
  Time since last request: 0.000026 seconds.
  path: Assets/HONETi/mobile_cartoon_GUI/psd files/preview/_all_slices/counter.png
  artifactKey: Guid(12e7302113bd89042b608d3a04b271e3) Importer(815301076,1909f56bfc062723c751e8b465ee728b)
Number of updated assets reloaded before import = 0
Start importing Assets/HONETi/mobile_cartoon_GUI/psd files/preview/_all_slices/counter.png using Guid(12e7302113bd89042b608d3a04b271e3) Importer(815301076,1909f56bfc062723c751e8b465ee728b)  -> (artifact id: 'bce4ea99f40dd68f53697b9f401cfae0') in 0.020192 seconds 
Number of asset objects unloaded after import = 3
========================================================================
Received Import Request.
  Time since last request: 0.000017 seconds.
  path: Assets/HONETi/mobile_cartoon_GUI/psd files/preview/_all_slices/btn_big_pressed.png
  artifactKey: Guid(a4b4f14e1cd729c48bbd0c727d752a10) Importer(815301076,1909f56bfc062723c751e8b465ee728b)
Number of updated assets reloaded before import = 0
Start importing Assets/HONETi/mobile_cartoon_GUI/psd files/preview/_all_slices/btn_big_pressed.png using Guid(a4b4f14e1cd729c48bbd0c727d752a10) Importer(815301076,1909f56bfc062723c751e8b465ee728b)  -> (artifact id: 'e361b0b48a92c58a1c4c211089ed428b') in 0.022117 seconds 
Number of asset objects unloaded after import = 3
Editor requested this worker to shutdown with reason: Scaling down because of idle timeout
AssetImportWorker is now disconnected from the server
Process exiting
Exiting without the bug reporter. Application will terminate with return code 0