Using pre-set license
Built from '2021.3/staging' branch; Version is '2021.3.30f1 (b4360d7cdac4) revision 11810317'; Using compiler version '192829333'; Build Type 'Release'
OS: 'Windows 10  (10.0.19045) 64bit Core' Language: 'en' Physical Memory: 16201 MB
BatchMode: 1, IsHumanControllingUs: 0, StartBugReporterOnCrash: 0, Is64bit: 1, IsPro: 1

COMMAND LINE ARGUMENTS:
D:\Unity Installs\2021.3.30f1\Editor\Unity.exe
-adb2
-batchMode
-noUpm
-name
AssetImportWorker2
-projectPath
D:/Unity Projects/Ruby's Adventure Project
-logFile
Logs/AssetImportWorker2.log
-srvPort
65450
Successfully changed project path to: D:/Unity Projects/Ruby's Adventure Project
D:/Unity Projects/Ruby's Adventure Project
[UnityMemory] Configuration Parameters - Can be set up in boot.config
    "memorysetup-bucket-allocator-granularity=16"
    "memorysetup-bucket-allocator-bucket-count=8"
    "memorysetup-bucket-allocator-block-size=33554432"
    "memorysetup-bucket-allocator-block-count=8"
    "memorysetup-main-allocator-block-size=16777216"
    "memorysetup-thread-allocator-block-size=16777216"
    "memorysetup-gfx-main-allocator-block-size=16777216"
    "memorysetup-gfx-thread-allocator-block-size=16777216"
    "memorysetup-cache-allocator-block-size=4194304"
    "memorysetup-typetree-allocator-block-size=2097152"
    "memorysetup-profiler-bucket-allocator-granularity=16"
    "memorysetup-profiler-bucket-allocator-bucket-count=8"
    "memorysetup-profiler-bucket-allocator-block-size=33554432"
    "memorysetup-profiler-bucket-allocator-block-count=8"
    "memorysetup-profiler-allocator-block-size=16777216"
    "memorysetup-profiler-editor-allocator-block-size=1048576"
    "memorysetup-temp-allocator-size-main=16777216"
    "memorysetup-job-temp-allocator-block-size=2097152"
    "memorysetup-job-temp-allocator-block-size-background=1048576"
    "memorysetup-job-temp-allocator-reduction-small-platforms=262144"
    "memorysetup-temp-allocator-size-background-worker=32768"
    "memorysetup-temp-allocator-size-job-worker=262144"
    "memorysetup-temp-allocator-size-preload-manager=33554432"
    "memorysetup-temp-allocator-size-nav-mesh-worker=65536"
    "memorysetup-temp-allocator-size-audio-worker=65536"
    "memorysetup-temp-allocator-size-cloud-worker=32768"
    "memorysetup-temp-allocator-size-gi-baking-worker=262144"
    "memorysetup-temp-allocator-size-gfx=262144"
Player connection [14880] Host "[IP] 10.40.114.135 [Port] 0 [Flags] 2 [Guid] 1521441749 [EditorId] 1521441749 [Version] 1048832 [Id] WindowsEditor(7,DESKTOP-LLP2RDJ) [Debug] 1 [PackageName] WindowsEditor [ProjectName] Editor" joined multi-casting on [225.0.0.222:54997]...

Player connection [14880] Host "[IP] 10.40.114.135 [Port] 0 [Flags] 2 [Guid] 1521441749 [EditorId] 1521441749 [Version] 1048832 [Id] WindowsEditor(7,DESKTOP-LLP2RDJ) [Debug] 1 [PackageName] WindowsEditor [ProjectName] Editor" joined alternative multi-casting on [225.0.0.222:34997]...

[Physics::Module] Initialized MultithreadedJobDispatcher with {0} workers.
Refreshing native plugins compatible for Editor in 137.29 ms, found 4 plugins.
Preloading 0 native plugins for Editor in 0.00 ms.
Initialize engine version: 2021.3.30f1 (b4360d7cdac4)
[Subsystems] Discovering subsystems at path D:/Unity Installs/2021.3.30f1/Editor/Data/Resources/UnitySubsystems
[Subsystems] Discovering subsystems at path D:/Unity Projects/Ruby's Adventure Project/Assets
GfxDevice: creating device client; threaded=0; jobified=0
Direct3D:
    Version:  Direct3D 11.0 [level 11.1]
    Renderer: NVIDIA GeForce GTX 1650 (ID=0x1f91)
    Vendor:   NVIDIA
    VRAM:     3949 MB
    Driver:   31.0.15.3209
Initialize mono
Mono path[0] = 'D:/Unity Installs/2021.3.30f1/Editor/Data/Managed'
Mono path[1] = 'D:/Unity Installs/2021.3.30f1/Editor/Data/MonoBleedingEdge/lib/mono/unityjit-win32'
Mono config path = 'D:/Unity Installs/2021.3.30f1/Editor/Data/MonoBleedingEdge/etc'
Using monoOptions --debugger-agent=transport=dt_socket,embedding=1,server=y,suspend=n,address=127.0.0.1:56188
Begin MonoManager ReloadAssembly
Registering precompiled unity dll's ...
Register platform support module: D:/Unity Installs/2021.3.30f1/Editor/Data/PlaybackEngines/WebGLSupport/UnityEditor.WebGL.Extensions.dll
Register platform support module: D:/Unity Installs/2021.3.30f1/Editor/Data/PlaybackEngines/WindowsStandaloneSupport/UnityEditor.WindowsStandalone.Extensions.dll
Registered in 0.003241 seconds.
Native extension for WindowsStandalone target not found
Native extension for WebGL target not found
Refreshing native plugins compatible for Editor in 122.66 ms, found 4 plugins.
Preloading 0 native plugins for Editor in 0.00 ms.
Mono: successfully reloaded assembly
- Completed reload, in  0.713 seconds
Domain Reload Profiling:
	ReloadAssembly (713ms)
		BeginReloadAssembly (99ms)
			ExecutionOrderSort (0ms)
			DisableScriptedObjects (0ms)
			BackupInstance (0ms)
			ReleaseScriptingObjects (0ms)
			CreateAndSetChildDomain (1ms)
		EndReloadAssembly (516ms)
			LoadAssemblies (98ms)
			RebuildTransferFunctionScriptingTraits (0ms)
			SetupTypeCache (114ms)
			ReleaseScriptCaches (0ms)
			RebuildScriptCaches (30ms)
			SetupLoadedEditorAssemblies (326ms)
				LogAssemblyErrors (0ms)
				InitializePlatformSupportModulesInManaged (9ms)
				SetLoadedEditorAssemblies (0ms)
				RefreshPlugins (123ms)
				BeforeProcessingInitializeOnLoad (1ms)
				ProcessInitializeOnLoadAttributes (142ms)
				ProcessInitializeOnLoadMethodAttributes (51ms)
				AfterProcessingInitializeOnLoad (0ms)
				EditorAssembliesLoaded (0ms)
			ExecutionOrderSort2 (0ms)
			AwakeInstancesAfterBackupRestoration (0ms)
Platform modules already initialized, skipping
Registering precompiled user dll's ...
Registered in 0.005277 seconds.
Begin MonoManager ReloadAssembly
Native extension for WindowsStandalone target not found
Native extension for WebGL target not found
Refreshing native plugins compatible for Editor in 124.42 ms, found 4 plugins.
Preloading 0 native plugins for Editor in 0.00 ms.
Package Manager log level set to [2]
[Package Manager] Server::EnsureServerProcessIsRunning -- launch failed, reason: Unity was launched with the -noUpm command-line argument
[Package Manager] Cannot connect to Unity Package Manager local server
Mono: successfully reloaded assembly
- Completed reload, in  1.795 seconds
Domain Reload Profiling:
	ReloadAssembly (1796ms)
		BeginReloadAssembly (139ms)
			ExecutionOrderSort (0ms)
			DisableScriptedObjects (6ms)
			BackupInstance (0ms)
			ReleaseScriptingObjects (0ms)
			CreateAndSetChildDomain (21ms)
		EndReloadAssembly (1530ms)
			LoadAssemblies (113ms)
			RebuildTransferFunctionScriptingTraits (0ms)
			SetupTypeCache (324ms)
			ReleaseScriptCaches (1ms)
			RebuildScriptCaches (84ms)
			SetupLoadedEditorAssemblies (975ms)
				LogAssemblyErrors (0ms)
				InitializePlatformSupportModulesInManaged (4ms)
				SetLoadedEditorAssemblies (0ms)
				RefreshPlugins (124ms)
				BeforeProcessingInitializeOnLoad (122ms)
				ProcessInitializeOnLoadAttributes (624ms)
				ProcessInitializeOnLoadMethodAttributes (96ms)
				AfterProcessingInitializeOnLoad (3ms)
				EditorAssembliesLoaded (0ms)
			ExecutionOrderSort2 (0ms)
			AwakeInstancesAfterBackupRestoration (8ms)
Platform modules already initialized, skipping
========================================================================
Worker process is ready to serve import requests
Launched and connected shader compiler UnityShaderCompiler.exe after 0.04 seconds
Refreshing native plugins compatible for Editor in 1.71 ms, found 4 plugins.
Preloading 0 native plugins for Editor in 0.00 ms.
Unloading 5395 Unused Serialized files (Serialized files now loaded: 0)
Unloading 53 unused Assets / (0.8 MB). Loaded Objects now: 5849.
Memory consumption went from 210.5 MB to 209.7 MB.
Total: 4.994100 ms (FindLiveObjects: 0.504900 ms CreateObjectMapping: 0.389500 ms MarkObjects: 3.529000 ms  DeleteObjects: 0.569600 ms)

AssetImportParameters requested are different than current active one (requested -> active):
  custom:video-decoder-ogg-theora: a1e56fd34408186e4bbccfd4996cb3dc -> 
  custom:container-muxer-webm: aa71ff27fc2769a1b78a27578f13a17b -> 
  custom:container-demuxer-webm: 4f35f7cbe854078d1ac9338744f61a02 -> 
  custom:video-encoder-webm-vp8: eb34c28f22e8b96e1ab97ce403110664 -> 
  custom:video-codec-MediaFoundation-h265: 746d11721c4dcdbdad8f713fa42b33f4 -> 
  custom:CustomObjectIndexerAttribute: 6b0e35c9178b02a6363f3721b7b8e397 -> 
  custom:audio-encoder-webm-vorbis: bf7c407c2cedff20999df2af8eb42d56 -> 
  custom:framework-win-MediaFoundation: 216162199b28c13a410421893ffa2e32 -> 
  custom:SearchIndexIgnoredProperties: e643bd26f0fe6173181afceb89e7c659 -> 
  custom:container-demuxer-ogg: 62fdf1f143b41e24485cea50d1cbac27 -> 
  custom:video-decoder-webm-vp8: 9c59270c3fd7afecdb556c50c9e8de78 -> 
  custom:audio-decoder-ogg-vorbis: bf7c407c2cedff20999df2af8eb42d56 -> 
========================================================================
Received Import Request.
  Time since last request: 1299731.326839 seconds.
  path: Assets/2DBeginnerTutorialResources/Art/Tiles/FloorGrassToBricksCorner_3.asset
  artifactKey: Guid(43ab87e852ec23041af8c845357472a8) Importer(815301076,1909f56bfc062723c751e8b465ee728b)
Number of updated assets reloaded before import = 0
Start importing Assets/2DBeginnerTutorialResources/Art/Tiles/FloorGrassToBricksCorner_3.asset using Guid(43ab87e852ec23041af8c845357472a8) Importer(815301076,1909f56bfc062723c751e8b465ee728b)  -> (artifact id: '655b7ee0a282cc8133f0c88f1d893afd') in 0.384156 seconds 
Number of asset objects unloaded after import = 3
========================================================================
Received Import Request.
  Time since last request: 0.000025 seconds.
  path: Assets/2DBeginnerTutorialResources/Art/Tiles/FloorGrassToBricksSquare_5.asset
  artifactKey: Guid(d49381e48d7ee224b9130612b72c5738) Importer(815301076,1909f56bfc062723c751e8b465ee728b)
Number of updated assets reloaded before import = 0
Start importing Assets/2DBeginnerTutorialResources/Art/Tiles/FloorGrassToBricksSquare_5.asset using Guid(d49381e48d7ee224b9130612b72c5738) Importer(815301076,1909f56bfc062723c751e8b465ee728b)  -> (artifact id: 'fe330eb6312287a5afb7263a658c6efe') in 0.015239 seconds 
Number of asset objects unloaded after import = 3
========================================================================
Received Import Request.
  Time since last request: 0.000033 seconds.
  path: Assets/2DBeginnerTutorialResources/Art/Tiles/FloorBricksToGrassSquare_7.asset
  artifactKey: Guid(8a4889ddddc68144db23cb893b4bb4cf) Importer(815301076,1909f56bfc062723c751e8b465ee728b)
Number of updated assets reloaded before import = 0
Start importing Assets/2DBeginnerTutorialResources/Art/Tiles/FloorBricksToGrassSquare_7.asset using Guid(8a4889ddddc68144db23cb893b4bb4cf) Importer(815301076,1909f56bfc062723c751e8b465ee728b)  -> (artifact id: '0f63b4ae0b1d0d811ada71dbd660c4fe') in 0.069834 seconds 
Number of asset objects unloaded after import = 3
========================================================================
Received Import Request.
  Time since last request: 0.000025 seconds.
  path: Assets/2DBeginnerTutorialResources/Art/Tiles/FloorGrassToBricksSquare_1.asset
  artifactKey: Guid(d4bfab2cd764ecd4c85c11166d2a438f) Importer(815301076,1909f56bfc062723c751e8b465ee728b)
Number of updated assets reloaded before import = 0
Start importing Assets/2DBeginnerTutorialResources/Art/Tiles/FloorGrassToBricksSquare_1.asset using Guid(d4bfab2cd764ecd4c85c11166d2a438f) Importer(815301076,1909f56bfc062723c751e8b465ee728b)  -> (artifact id: 'de26adcd81eaad4bb8dca14ace70afd6') in 0.012689 seconds 
Number of asset objects unloaded after import = 3
========================================================================
Received Import Request.
  Time since last request: 0.000020 seconds.
  path: Assets/2DBeginnerTutorialResources/Art/Tiles/FloorBricksToGrassCorner_1.asset
  artifactKey: Guid(aea4adb9e533993408527c5495cd317a) Importer(815301076,1909f56bfc062723c751e8b465ee728b)
Number of updated assets reloaded before import = 0
Start importing Assets/2DBeginnerTutorialResources/Art/Tiles/FloorBricksToGrassCorner_1.asset using Guid(aea4adb9e533993408527c5495cd317a) Importer(815301076,1909f56bfc062723c751e8b465ee728b)  -> (artifact id: '7cd9a37d4cd120b1acfa23f2b0a0f1a8') in 0.037106 seconds 
Number of asset objects unloaded after import = 3
========================================================================
Received Import Request.
  Time since last request: 0.000016 seconds.
  path: Assets/2DBeginnerTutorialResources/Art/Tiles/FloorBricksToGrassCorner_3.asset
  artifactKey: Guid(ae2009344890a3d4ca1b7f1f42814558) Importer(815301076,1909f56bfc062723c751e8b465ee728b)
Number of updated assets reloaded before import = 0
Start importing Assets/2DBeginnerTutorialResources/Art/Tiles/FloorBricksToGrassCorner_3.asset using Guid(ae2009344890a3d4ca1b7f1f42814558) Importer(815301076,1909f56bfc062723c751e8b465ee728b)  -> (artifact id: 'b833ac061b9603e250efb37f2a90b9a8') in 0.012611 seconds 
Number of asset objects unloaded after import = 3
========================================================================
Received Import Request.
  Time since last request: 0.000013 seconds.
  path: Assets/2DBeginnerTutorialResources/Art/Tiles/FloorBricksToGrassCorner_2.asset
  artifactKey: Guid(720fe47a052c33743b0f842475cafa40) Importer(815301076,1909f56bfc062723c751e8b465ee728b)
Number of updated assets reloaded before import = 0
Start importing Assets/2DBeginnerTutorialResources/Art/Tiles/FloorBricksToGrassCorner_2.asset using Guid(720fe47a052c33743b0f842475cafa40) Importer(815301076,1909f56bfc062723c751e8b465ee728b)  -> (artifact id: 'd32c303828776e6021538faa758bd404') in 0.027500 seconds 
Number of asset objects unloaded after import = 3
========================================================================
Received Import Request.
  Time since last request: 0.000015 seconds.
  path: Assets/2DBeginnerTutorialResources/Art/Tiles/FloorBricksToGrassSquare_8.asset
  artifactKey: Guid(fdd6e3f2993189744b03a6e0b598e4e4) Importer(815301076,1909f56bfc062723c751e8b465ee728b)
Number of updated assets reloaded before import = 0
Start importing Assets/2DBeginnerTutorialResources/Art/Tiles/FloorBricksToGrassSquare_8.asset using Guid(fdd6e3f2993189744b03a6e0b598e4e4) Importer(815301076,1909f56bfc062723c751e8b465ee728b)  -> (artifact id: 'cc93439109082084002c26f7131ace0e') in 0.043953 seconds 
Number of asset objects unloaded after import = 3
========================================================================
Received Import Request.
  Time since last request: 0.000023 seconds.
  path: Assets/2DBeginnerTutorialResources/Art/Tiles/FloorBricksToGrassSquare_6.asset
  artifactKey: Guid(3312d197423310647b74b007f1de809e) Importer(815301076,1909f56bfc062723c751e8b465ee728b)
Number of updated assets reloaded before import = 0
Start importing Assets/2DBeginnerTutorialResources/Art/Tiles/FloorBricksToGrassSquare_6.asset using Guid(3312d197423310647b74b007f1de809e) Importer(815301076,1909f56bfc062723c751e8b465ee728b)  -> (artifact id: 'e5a8a32809d9090de031e304bfed9c92') in 0.009140 seconds 
Number of asset objects unloaded after import = 3
========================================================================
Received Import Request.
  Time since last request: 0.000022 seconds.
  path: Assets/2DBeginnerTutorialResources/Art/Tiles/FloorGrassToBricksCorner_2.asset
  artifactKey: Guid(57742cfb948ec1e4a945dca829238d59) Importer(815301076,1909f56bfc062723c751e8b465ee728b)
Number of updated assets reloaded before import = 0
Start importing Assets/2DBeginnerTutorialResources/Art/Tiles/FloorGrassToBricksCorner_2.asset using Guid(57742cfb948ec1e4a945dca829238d59) Importer(815301076,1909f56bfc062723c751e8b465ee728b)  -> (artifact id: 'e6263f19b22846827311ce7e6973d4ff') in 0.011524 seconds 
Number of asset objects unloaded after import = 3
========================================================================
Received Import Request.
  Time since last request: 0.000012 seconds.
  path: Assets/2DBeginnerTutorialResources/Art/Tiles/FloorBricksToGrassSquare_0.asset
  artifactKey: Guid(a730ede4da4fdb44a899ca940151e982) Importer(815301076,1909f56bfc062723c751e8b465ee728b)
Number of updated assets reloaded before import = 0
Start importing Assets/2DBeginnerTutorialResources/Art/Tiles/FloorBricksToGrassSquare_0.asset using Guid(a730ede4da4fdb44a899ca940151e982) Importer(815301076,1909f56bfc062723c751e8b465ee728b)  -> (artifact id: '81db9e1187b1521460b791a192bdc9e3') in 0.009855 seconds 
Number of asset objects unloaded after import = 3
========================================================================
Received Import Request.
  Time since last request: 0.000013 seconds.
  path: Assets/2DBeginnerTutorialResources/Art/Tiles/FloorGrassToBricksSquare_2.asset
  artifactKey: Guid(b1befe10701d31348a2694b712f66224) Importer(815301076,1909f56bfc062723c751e8b465ee728b)
Number of updated assets reloaded before import = 0
Start importing Assets/2DBeginnerTutorialResources/Art/Tiles/FloorGrassToBricksSquare_2.asset using Guid(b1befe10701d31348a2694b712f66224) Importer(815301076,1909f56bfc062723c751e8b465ee728b)  -> (artifact id: '1fdad749721360c8f6fe39fd43864f79') in 0.009212 seconds 
Number of asset objects unloaded after import = 3
========================================================================
Received Import Request.
  Time since last request: 0.000017 seconds.
  path: Assets/2DBeginnerTutorialResources/Art/Tiles/FloorBricksToGrassCorner_0.asset
  artifactKey: Guid(abff4120b536b6244bb3b62253da693d) Importer(815301076,1909f56bfc062723c751e8b465ee728b)
Number of updated assets reloaded before import = 0
Start importing Assets/2DBeginnerTutorialResources/Art/Tiles/FloorBricksToGrassCorner_0.asset using Guid(abff4120b536b6244bb3b62253da693d) Importer(815301076,1909f56bfc062723c751e8b465ee728b)  -> (artifact id: 'ed07bb1b3e984a6339a3b37bc44d02ca') in 0.008690 seconds 
Number of asset objects unloaded after import = 3
========================================================================
Received Import Request.
  Time since last request: 0.000023 seconds.
  path: Assets/2DBeginnerTutorialResources/Art/Tiles/FloorGrassToBricksSquare_0.asset
  artifactKey: Guid(7c12fc79b25355643bd1becd4022656b) Importer(815301076,1909f56bfc062723c751e8b465ee728b)
Number of updated assets reloaded before import = 0
Start importing Assets/2DBeginnerTutorialResources/Art/Tiles/FloorGrassToBricksSquare_0.asset using Guid(7c12fc79b25355643bd1becd4022656b) Importer(815301076,1909f56bfc062723c751e8b465ee728b)  -> (artifact id: 'cc0dc776440b15f5293ee19e796ee16f') in 0.011807 seconds 
Number of asset objects unloaded after import = 3
========================================================================
Received Import Request.
  Time since last request: 0.000020 seconds.
  path: Assets/2DBeginnerTutorialResources/Art/Tiles/FloorBricksToGrassSquare_4.asset
  artifactKey: Guid(a9218683e66478f41a53c2004ef73881) Importer(815301076,1909f56bfc062723c751e8b465ee728b)
Number of updated assets reloaded before import = 0
Start importing Assets/2DBeginnerTutorialResources/Art/Tiles/FloorBricksToGrassSquare_4.asset using Guid(a9218683e66478f41a53c2004ef73881) Importer(815301076,1909f56bfc062723c751e8b465ee728b)  -> (artifact id: '96779f59d194605689dc7f927e033a78') in 0.011720 seconds 
Number of asset objects unloaded after import = 3
========================================================================
Received Import Request.
  Time since last request: 0.000014 seconds.
  path: Assets/2DBeginnerTutorialResources/Art/Tiles/FloorGrassToBricksCorner_0.asset
  artifactKey: Guid(d6d5d5d7e94c3b64b95e798f72ac6dc9) Importer(815301076,1909f56bfc062723c751e8b465ee728b)
Number of updated assets reloaded before import = 0
Start importing Assets/2DBeginnerTutorialResources/Art/Tiles/FloorGrassToBricksCorner_0.asset using Guid(d6d5d5d7e94c3b64b95e798f72ac6dc9) Importer(815301076,1909f56bfc062723c751e8b465ee728b)  -> (artifact id: '95cbbf3fce57f84bc138a416c490be89') in 0.012314 seconds 
Number of asset objects unloaded after import = 3
Editor requested this worker to shutdown with reason: Scaling down because of idle timeout
AssetImportWorker is now disconnected from the server
Process exiting
Exiting without the bug reporter. Application will terminate with return code 0