Using pre-set license
Built from '2021.3/staging' branch; Version is '2021.3.29f1 (204d6dc9ae1c) revision 2116973'; Using compiler version '192829333'; Build Type 'Release'
OS: 'Windows 11  (10.0.22621) 64bit Core' Language: 'en' Physical Memory: 15745 MB
BatchMode: 1, IsHumanControllingUs: 0, StartBugReporterOnCrash: 0, Is64bit: 1, IsPro: 1

COMMAND LINE ARGUMENTS:
C:\Program Files\Unity\Hub\Editor\2021.3.29f1\Editor\Unity.exe
-adb2
-batchMode
-noUpm
-name
AssetImportWorker10
-projectPath
C:/Users/javon/Desktop/Ruby-Adventure-main
-logFile
Logs/AssetImportWorker10.log
-srvPort
63522
Successfully changed project path to: C:/Users/javon/Desktop/Ruby-Adventure-main
C:/Users/javon/Desktop/Ruby-Adventure-main
[UnityMemory] Configuration Parameters - Can be set up in boot.config
    "memorysetup-bucket-allocator-granularity=16"
    "memorysetup-bucket-allocator-bucket-count=8"
    "memorysetup-bucket-allocator-block-size=33554432"
    "memorysetup-bucket-allocator-block-count=8"
    "memorysetup-main-allocator-block-size=16777216"
    "memorysetup-thread-allocator-block-size=16777216"
    "memorysetup-gfx-main-allocator-block-size=16777216"
    "memorysetup-gfx-thread-allocator-block-size=16777216"
    "memorysetup-cache-allocator-block-size=4194304"
    "memorysetup-typetree-allocator-block-size=2097152"
    "memorysetup-profiler-bucket-allocator-granularity=16"
    "memorysetup-profiler-bucket-allocator-bucket-count=8"
    "memorysetup-profiler-bucket-allocator-block-size=33554432"
    "memorysetup-profiler-bucket-allocator-block-count=8"
    "memorysetup-profiler-allocator-block-size=16777216"
    "memorysetup-profiler-editor-allocator-block-size=1048576"
    "memorysetup-temp-allocator-size-main=16777216"
    "memorysetup-job-temp-allocator-block-size=2097152"
    "memorysetup-job-temp-allocator-block-size-background=1048576"
    "memorysetup-job-temp-allocator-reduction-small-platforms=262144"
    "memorysetup-temp-allocator-size-background-worker=32768"
    "memorysetup-temp-allocator-size-job-worker=262144"
    "memorysetup-temp-allocator-size-preload-manager=33554432"
    "memorysetup-temp-allocator-size-nav-mesh-worker=65536"
    "memorysetup-temp-allocator-size-audio-worker=65536"
    "memorysetup-temp-allocator-size-cloud-worker=32768"
    "memorysetup-temp-allocator-size-gi-baking-worker=262144"
    "memorysetup-temp-allocator-size-gfx=262144"
Player connection [13528] Host "[IP] 192.168.86.85 [Port] 0 [Flags] 2 [Guid] 1339422831 [EditorId] 1339422831 [Version] 1048832 [Id] WindowsEditor(7,NoodleBoy) [Debug] 1 [PackageName] WindowsEditor [ProjectName] Editor" joined multi-casting on [225.0.0.222:54997]...

Player connection [13528] Host "[IP] 192.168.86.85 [Port] 0 [Flags] 2 [Guid] 1339422831 [EditorId] 1339422831 [Version] 1048832 [Id] WindowsEditor(7,NoodleBoy) [Debug] 1 [PackageName] WindowsEditor [ProjectName] Editor" joined alternative multi-casting on [225.0.0.222:34997]...

Refreshing native plugins compatible for Editor in 125.46 ms, found 4 plugins.
Preloading 0 native plugins for Editor in 0.00 ms.
Initialize engine version: 2021.3.29f1 (204d6dc9ae1c)
[Subsystems] Discovering subsystems at path C:/Program Files/Unity/Hub/Editor/2021.3.29f1/Editor/Data/Resources/UnitySubsystems
[Subsystems] Discovering subsystems at path C:/Users/javon/Desktop/Ruby-Adventure-main/Assets
GfxDevice: creating device client; threaded=0; jobified=0
Direct3D:
    Version:  Direct3D 11.0 [level 11.1]
    Renderer: AMD Radeon(TM) Graphics (ID=0x1638)
    Vendor:   ATI
    VRAM:     7872 MB
    Driver:   31.0.12027.9001
Initialize mono
Mono path[0] = 'C:/Program Files/Unity/Hub/Editor/2021.3.29f1/Editor/Data/Managed'
Mono path[1] = 'C:/Program Files/Unity/Hub/Editor/2021.3.29f1/Editor/Data/MonoBleedingEdge/lib/mono/unityjit-win32'
Mono config path = 'C:/Program Files/Unity/Hub/Editor/2021.3.29f1/Editor/Data/MonoBleedingEdge/etc'
Using monoOptions --debugger-agent=transport=dt_socket,embedding=1,server=y,suspend=n,address=127.0.0.1:56312
Begin MonoManager ReloadAssembly
Registering precompiled unity dll's ...
Register platform support module: C:/Program Files/Unity/Hub/Editor/2021.3.29f1/Editor/Data/PlaybackEngines/WebGLSupport/UnityEditor.WebGL.Extensions.dll
Register platform support module: C:/Program Files/Unity/Hub/Editor/2021.3.29f1/Editor/Data/PlaybackEngines/WindowsStandaloneSupport/UnityEditor.WindowsStandalone.Extensions.dll
Registered in 0.003674 seconds.
Native extension for WindowsStandalone target not found
Native extension for WebGL target not found
Refreshing native plugins compatible for Editor in 96.19 ms, found 4 plugins.
Preloading 0 native plugins for Editor in 0.00 ms.
Mono: successfully reloaded assembly
- Completed reload, in  0.561 seconds
Domain Reload Profiling:
	ReloadAssembly (561ms)
		BeginReloadAssembly (89ms)
			ExecutionOrderSort (0ms)
			DisableScriptedObjects (0ms)
			BackupInstance (0ms)
			ReleaseScriptingObjects (0ms)
			CreateAndSetChildDomain (1ms)
		EndReloadAssembly (389ms)
			LoadAssemblies (87ms)
			RebuildTransferFunctionScriptingTraits (0ms)
			SetupTypeCache (79ms)
			ReleaseScriptCaches (0ms)
			RebuildScriptCaches (20ms)
			SetupLoadedEditorAssemblies (250ms)
				LogAssemblyErrors (0ms)
				InitializePlatformSupportModulesInManaged (6ms)
				SetLoadedEditorAssemblies (0ms)
				RefreshPlugins (96ms)
				BeforeProcessingInitializeOnLoad (1ms)
				ProcessInitializeOnLoadAttributes (107ms)
				ProcessInitializeOnLoadMethodAttributes (38ms)
				AfterProcessingInitializeOnLoad (0ms)
				EditorAssembliesLoaded (0ms)
			ExecutionOrderSort2 (0ms)
			AwakeInstancesAfterBackupRestoration (0ms)
Platform modules already initialized, skipping
Registering precompiled user dll's ...
Registered in 0.004630 seconds.
Begin MonoManager ReloadAssembly
Native extension for WindowsStandalone target not found
Native extension for WebGL target not found
Refreshing native plugins compatible for Editor in 94.77 ms, found 4 plugins.
Preloading 0 native plugins for Editor in 0.00 ms.
Package Manager log level set to [2]
[Package Manager] Server::EnsureServerProcessIsRunning -- launch failed, reason: Unity was launched with the -noUpm command-line argument
[Package Manager] Cannot connect to Unity Package Manager local server
Mono: successfully reloaded assembly
- Completed reload, in  1.427 seconds
Domain Reload Profiling:
	ReloadAssembly (1428ms)
		BeginReloadAssembly (101ms)
			ExecutionOrderSort (0ms)
			DisableScriptedObjects (5ms)
			BackupInstance (0ms)
			ReleaseScriptingObjects (0ms)
			CreateAndSetChildDomain (22ms)
		EndReloadAssembly (1237ms)
			LoadAssemblies (77ms)
			RebuildTransferFunctionScriptingTraits (0ms)
			SetupTypeCache (220ms)
			ReleaseScriptCaches (1ms)
			RebuildScriptCaches (62ms)
			SetupLoadedEditorAssemblies (846ms)
				LogAssemblyErrors (0ms)
				InitializePlatformSupportModulesInManaged (4ms)
				SetLoadedEditorAssemblies (0ms)
				RefreshPlugins (95ms)
				BeforeProcessingInitializeOnLoad (94ms)
				ProcessInitializeOnLoadAttributes (568ms)
				ProcessInitializeOnLoadMethodAttributes (79ms)
				AfterProcessingInitializeOnLoad (6ms)
				EditorAssembliesLoaded (0ms)
			ExecutionOrderSort2 (0ms)
			AwakeInstancesAfterBackupRestoration (6ms)
Platform modules already initialized, skipping
========================================================================
Worker process is ready to serve import requests
Launched and connected shader compiler UnityShaderCompiler.exe after 0.03 seconds
Refreshing native plugins compatible for Editor in 0.91 ms, found 4 plugins.
Preloading 0 native plugins for Editor in 0.00 ms.
Unloading 5412 Unused Serialized files (Serialized files now loaded: 0)
Unloading 53 unused Assets / (0.8 MB). Loaded Objects now: 5869.
Memory consumption went from 213.0 MB to 212.2 MB.
Total: 3.401700 ms (FindLiveObjects: 0.363400 ms CreateObjectMapping: 0.312500 ms MarkObjects: 2.460900 ms  DeleteObjects: 0.264000 ms)

AssetImportParameters requested are different than current active one (requested -> active):
  custom:video-decoder-ogg-theora: a1e56fd34408186e4bbccfd4996cb3dc -> 
  custom:container-muxer-webm: aa71ff27fc2769a1b78a27578f13a17b -> 
  custom:container-demuxer-webm: 4f35f7cbe854078d1ac9338744f61a02 -> 
  custom:video-encoder-webm-vp8: eb34c28f22e8b96e1ab97ce403110664 -> 
  custom:CustomObjectIndexerAttribute: 6b0e35c9178b02a6363f3721b7b8e397 -> 
  custom:audio-encoder-webm-vorbis: bf7c407c2cedff20999df2af8eb42d56 -> 
  custom:framework-win-MediaFoundation: 216162199b28c13a410421893ffa2e32 -> 
  custom:SearchIndexIgnoredProperties: e643bd26f0fe6173181afceb89e7c659 -> 
  custom:container-demuxer-ogg: 62fdf1f143b41e24485cea50d1cbac27 -> 
  custom:video-decoder-webm-vp8: 9c59270c3fd7afecdb556c50c9e8de78 -> 
  custom:audio-decoder-ogg-vorbis: bf7c407c2cedff20999df2af8eb42d56 -> 
========================================================================
Received Import Request.
  Time since last request: 279828.044041 seconds.
  path: Assets/HONETi/mobile_cartoon_GUI/GUI Elements/Icons/icon_ball.png
  artifactKey: Guid(508b44a41d7e0e243861e8ab812817ea) Importer(815301076,1909f56bfc062723c751e8b465ee728b)
Start importing Assets/HONETi/mobile_cartoon_GUI/GUI Elements/Icons/icon_ball.png using Guid(508b44a41d7e0e243861e8ab812817ea) Importer(815301076,1909f56bfc062723c751e8b465ee728b)  -> (artifact id: '8a4086d5bbd03eec94e570e59503e347') in 0.115489 seconds 
========================================================================
Received Import Request.
  Time since last request: 0.000028 seconds.
  path: Assets/HONETi/mobile_cartoon_GUI/GUI Elements/Icons/icon_lemon.png
  artifactKey: Guid(126ffaf9352fa994199aaee3b0737369) Importer(815301076,1909f56bfc062723c751e8b465ee728b)
Start importing Assets/HONETi/mobile_cartoon_GUI/GUI Elements/Icons/icon_lemon.png using Guid(126ffaf9352fa994199aaee3b0737369) Importer(815301076,1909f56bfc062723c751e8b465ee728b)  -> (artifact id: '0c6850886dfc6468979a572c1882faf6') in 0.019408 seconds 
========================================================================
Received Import Request.
  Time since last request: 0.000021 seconds.
  path: Assets/HONETi/mobile_cartoon_GUI/GUI Elements/Icons/item_slot.png
  artifactKey: Guid(00863521d2f889f4280fdd4715d8bb3c) Importer(815301076,1909f56bfc062723c751e8b465ee728b)
Start importing Assets/HONETi/mobile_cartoon_GUI/GUI Elements/Icons/item_slot.png using Guid(00863521d2f889f4280fdd4715d8bb3c) Importer(815301076,1909f56bfc062723c751e8b465ee728b)  -> (artifact id: '30418314bf6aa782ce4f3fcea1094259') in 0.016436 seconds 
========================================================================
Received Import Request.
  Time since last request: 0.000047 seconds.
  path: Assets/HONETi/mobile_cartoon_GUI/GUI Elements/Icons/icon_coins.png
  artifactKey: Guid(92497200ab7f0584fa58871994a50858) Importer(815301076,1909f56bfc062723c751e8b465ee728b)
Start importing Assets/HONETi/mobile_cartoon_GUI/GUI Elements/Icons/icon_coins.png using Guid(92497200ab7f0584fa58871994a50858) Importer(815301076,1909f56bfc062723c751e8b465ee728b)  -> (artifact id: '79a63b7812a9d9479b90cdd345590c1e') in 0.018770 seconds 
========================================================================
Received Import Request.
  Time since last request: 0.000030 seconds.
  path: Assets/HONETi/mobile_cartoon_GUI/GUI Elements/Icons/icon_cryon.png
  artifactKey: Guid(148b738ee04708747bb54f1952603e76) Importer(815301076,1909f56bfc062723c751e8b465ee728b)
Start importing Assets/HONETi/mobile_cartoon_GUI/GUI Elements/Icons/icon_cryon.png using Guid(148b738ee04708747bb54f1952603e76) Importer(815301076,1909f56bfc062723c751e8b465ee728b)  -> (artifact id: 'ab18ca800b628d85d6715bafc3a974be') in 0.018467 seconds 
========================================================================
Received Import Request.
  Time since last request: 5.940432 seconds.
  path: Assets/HONETi/mobile_cartoon_GUI/GUI Elements/Flat Icons/flat_icon_check.png
  artifactKey: Guid(0806d060a240ca6468fb359d739c7758) Importer(815301076,1909f56bfc062723c751e8b465ee728b)
Start importing Assets/HONETi/mobile_cartoon_GUI/GUI Elements/Flat Icons/flat_icon_check.png using Guid(0806d060a240ca6468fb359d739c7758) Importer(815301076,1909f56bfc062723c751e8b465ee728b)  -> (artifact id: '4aa1ee33d5c8c62d38c50bc36d6e8178') in 0.011166 seconds 
========================================================================
Received Import Request.
  Time since last request: 0.000018 seconds.
  path: Assets/HONETi/mobile_cartoon_GUI/GUI Elements/Flat Icons/flat_icon_question.png
  artifactKey: Guid(da93bfaf6314fca4a805281edd375d33) Importer(815301076,1909f56bfc062723c751e8b465ee728b)
Start importing Assets/HONETi/mobile_cartoon_GUI/GUI Elements/Flat Icons/flat_icon_question.png using Guid(da93bfaf6314fca4a805281edd375d33) Importer(815301076,1909f56bfc062723c751e8b465ee728b)  -> (artifact id: 'da6f994b27aeeb05577f28ad851aeff6') in 0.010722 seconds 
========================================================================
Received Import Request.
  Time since last request: 0.000020 seconds.
  path: Assets/HONETi/mobile_cartoon_GUI/GUI Elements/Flat Icons/flat_icon_menu.png
  artifactKey: Guid(e2e3508a5f78a13478d11608e46e2f26) Importer(815301076,1909f56bfc062723c751e8b465ee728b)
Start importing Assets/HONETi/mobile_cartoon_GUI/GUI Elements/Flat Icons/flat_icon_menu.png using Guid(e2e3508a5f78a13478d11608e46e2f26) Importer(815301076,1909f56bfc062723c751e8b465ee728b)  -> (artifact id: '161fdbd492a294cfe4d16b59b4829ca6') in 0.019144 seconds 
========================================================================
Received Prepare
Registering precompiled user dll's ...
Registered in 0.004225 seconds.
Begin MonoManager ReloadAssembly
Native extension for WindowsStandalone target not found
Native extension for WebGL target not found
Refreshing native plugins compatible for Editor in 1.02 ms, found 4 plugins.
Preloading 0 native plugins for Editor in 0.00 ms.
[Package Manager] Server::EnsureServerProcessIsRunning -- launch failed, reason: Unity was launched with the -noUpm command-line argument
[Package Manager] Cannot connect to Unity Package Manager local server
Mono: successfully reloaded assembly
- Completed reload, in  1.243 seconds
Domain Reload Profiling:
	ReloadAssembly (1243ms)
		BeginReloadAssembly (125ms)
			ExecutionOrderSort (0ms)
			DisableScriptedObjects (5ms)
			BackupInstance (0ms)
			ReleaseScriptingObjects (0ms)
			CreateAndSetChildDomain (42ms)
		EndReloadAssembly (1038ms)
			LoadAssemblies (78ms)
			RebuildTransferFunctionScriptingTraits (0ms)
			SetupTypeCache (205ms)
			ReleaseScriptCaches (2ms)
			RebuildScriptCaches (39ms)
			SetupLoadedEditorAssemblies (689ms)
				LogAssemblyErrors (0ms)
				InitializePlatformSupportModulesInManaged (5ms)
				SetLoadedEditorAssemblies (0ms)
				RefreshPlugins (1ms)
				BeforeProcessingInitializeOnLoad (72ms)
				ProcessInitializeOnLoadAttributes (537ms)
				ProcessInitializeOnLoadMethodAttributes (69ms)
				AfterProcessingInitializeOnLoad (5ms)
				EditorAssembliesLoaded (0ms)
			ExecutionOrderSort2 (0ms)
			AwakeInstancesAfterBackupRestoration (5ms)
Platform modules already initialized, skipping
Refreshing native plugins compatible for Editor in 2.05 ms, found 4 plugins.
Preloading 0 native plugins for Editor in 0.00 ms.
Unloading 5319 Unused Serialized files (Serialized files now loaded: 0)
Unloading 28 unused Assets / (0.7 MB). Loaded Objects now: 5894.
Memory consumption went from 207.3 MB to 206.6 MB.
Total: 3.196300 ms (FindLiveObjects: 0.342200 ms CreateObjectMapping: 0.295400 ms MarkObjects: 2.303300 ms  DeleteObjects: 0.254800 ms)

AssetImportParameters requested are different than current active one (requested -> active):
  custom:video-decoder-ogg-theora: a1e56fd34408186e4bbccfd4996cb3dc -> 
  custom:container-muxer-webm: aa71ff27fc2769a1b78a27578f13a17b -> 
  custom:container-demuxer-webm: 4f35f7cbe854078d1ac9338744f61a02 -> 
  custom:video-encoder-webm-vp8: eb34c28f22e8b96e1ab97ce403110664 -> 
  custom:CustomObjectIndexerAttribute: 6b0e35c9178b02a6363f3721b7b8e397 -> 
  custom:audio-encoder-webm-vorbis: bf7c407c2cedff20999df2af8eb42d56 -> 
  custom:framework-win-MediaFoundation: 216162199b28c13a410421893ffa2e32 -> 
  custom:SearchIndexIgnoredProperties: e643bd26f0fe6173181afceb89e7c659 -> 
  custom:container-demuxer-ogg: 62fdf1f143b41e24485cea50d1cbac27 -> 
  custom:video-decoder-webm-vp8: 9c59270c3fd7afecdb556c50c9e8de78 -> 
  custom:audio-decoder-ogg-vorbis: bf7c407c2cedff20999df2af8eb42d56 -> 
========================================================================
Received Prepare
Registering precompiled user dll's ...
Registered in 0.004491 seconds.
Begin MonoManager ReloadAssembly
Native extension for WindowsStandalone target not found
Native extension for WebGL target not found
Refreshing native plugins compatible for Editor in 1.70 ms, found 4 plugins.
Preloading 0 native plugins for Editor in 0.00 ms.
[Package Manager] Server::EnsureServerProcessIsRunning -- launch failed, reason: Unity was launched with the -noUpm command-line argument
[Package Manager] Cannot connect to Unity Package Manager local server
Mono: successfully reloaded assembly
- Completed reload, in  1.352 seconds
Domain Reload Profiling:
	ReloadAssembly (1353ms)
		BeginReloadAssembly (120ms)
			ExecutionOrderSort (0ms)
			DisableScriptedObjects (5ms)
			BackupInstance (0ms)
			ReleaseScriptingObjects (0ms)
			CreateAndSetChildDomain (39ms)
		EndReloadAssembly (1148ms)
			LoadAssemblies (76ms)
			RebuildTransferFunctionScriptingTraits (0ms)
			SetupTypeCache (217ms)
			ReleaseScriptCaches (2ms)
			RebuildScriptCaches (40ms)
			SetupLoadedEditorAssemblies (771ms)
				LogAssemblyErrors (0ms)
				InitializePlatformSupportModulesInManaged (5ms)
				SetLoadedEditorAssemblies (0ms)
				RefreshPlugins (2ms)
				BeforeProcessingInitializeOnLoad (81ms)
				ProcessInitializeOnLoadAttributes (579ms)
				ProcessInitializeOnLoadMethodAttributes (98ms)
				AfterProcessingInitializeOnLoad (5ms)
				EditorAssembliesLoaded (0ms)
			ExecutionOrderSort2 (0ms)
			AwakeInstancesAfterBackupRestoration (7ms)
Platform modules already initialized, skipping
Refreshing native plugins compatible for Editor in 2.09 ms, found 4 plugins.
Preloading 0 native plugins for Editor in 0.00 ms.
Unloading 5319 Unused Serialized files (Serialized files now loaded: 0)
Unloading 28 unused Assets / (0.8 MB). Loaded Objects now: 5909.
Memory consumption went from 207.4 MB to 206.6 MB.
Total: 3.310800 ms (FindLiveObjects: 0.338800 ms CreateObjectMapping: 0.374400 ms MarkObjects: 2.342800 ms  DeleteObjects: 0.254200 ms)

AssetImportParameters requested are different than current active one (requested -> active):
  custom:video-decoder-ogg-theora: a1e56fd34408186e4bbccfd4996cb3dc -> 
  custom:container-muxer-webm: aa71ff27fc2769a1b78a27578f13a17b -> 
  custom:container-demuxer-webm: 4f35f7cbe854078d1ac9338744f61a02 -> 
  custom:video-encoder-webm-vp8: eb34c28f22e8b96e1ab97ce403110664 -> 
  custom:CustomObjectIndexerAttribute: 6b0e35c9178b02a6363f3721b7b8e397 -> 
  custom:audio-encoder-webm-vorbis: bf7c407c2cedff20999df2af8eb42d56 -> 
  custom:framework-win-MediaFoundation: 216162199b28c13a410421893ffa2e32 -> 
  custom:SearchIndexIgnoredProperties: e643bd26f0fe6173181afceb89e7c659 -> 
  custom:container-demuxer-ogg: 62fdf1f143b41e24485cea50d1cbac27 -> 
  custom:video-decoder-webm-vp8: 9c59270c3fd7afecdb556c50c9e8de78 -> 
  custom:audio-decoder-ogg-vorbis: bf7c407c2cedff20999df2af8eb42d56 -> 
========================================================================
Received Import Request.
  Time since last request: 383.260096 seconds.
  path: Assets/Fantasy SFX for Particle Distort Texture effect library/msfx_abyss_mud.wav
  artifactKey: Guid(d580d0953e120bc4784c41b17e697db2) Importer(815301076,1909f56bfc062723c751e8b465ee728b)
Start importing Assets/Fantasy SFX for Particle Distort Texture effect library/msfx_abyss_mud.wav using Guid(d580d0953e120bc4784c41b17e697db2) Importer(815301076,1909f56bfc062723c751e8b465ee728b)  -> (artifact id: 'd1e3222c2c8b53182d15d08703c27420') in 0.067189 seconds 
========================================================================
Received Import Request.
  Time since last request: 0.000037 seconds.
  path: Assets/Fantasy SFX for Particle Distort Texture effect library/msfx_chrono_latency_rattle.wav
  artifactKey: Guid(8d9f0d43afd77e64691913fe4610cb1b) Importer(815301076,1909f56bfc062723c751e8b465ee728b)
Start importing Assets/Fantasy SFX for Particle Distort Texture effect library/msfx_chrono_latency_rattle.wav using Guid(8d9f0d43afd77e64691913fe4610cb1b) Importer(815301076,1909f56bfc062723c751e8b465ee728b)  -> (artifact id: '4247ff0a8d2b1bdd61f57c756a11ddcb') in 0.015318 seconds 
========================================================================
Received Import Request.
  Time since last request: 0.000028 seconds.
  path: Assets/Fantasy SFX for Particle Distort Texture effect library/sfx_aura_loopable.wav
  artifactKey: Guid(dc4d8126919b8144c8fb2976f2a10301) Importer(815301076,1909f56bfc062723c751e8b465ee728b)
Start importing Assets/Fantasy SFX for Particle Distort Texture effect library/sfx_aura_loopable.wav using Guid(dc4d8126919b8144c8fb2976f2a10301) Importer(815301076,1909f56bfc062723c751e8b465ee728b)  -> (artifact id: '9dce3292327b44e9385e491b78010a72') in 0.012582 seconds 
========================================================================
Received Import Request.
  Time since last request: 0.000026 seconds.
  path: Assets/Fantasy SFX for Particle Distort Texture effect library/msfx_fire_weed_loop.wav
  artifactKey: Guid(a48301f0f15853a4db9e2035e648313d) Importer(815301076,1909f56bfc062723c751e8b465ee728b)
Start importing Assets/Fantasy SFX for Particle Distort Texture effect library/msfx_fire_weed_loop.wav using Guid(a48301f0f15853a4db9e2035e648313d) Importer(815301076,1909f56bfc062723c751e8b465ee728b)  -> (artifact id: '981d379d6e4217480382e3f85a707387') in 0.015495 seconds 
========================================================================
Received Import Request.
  Time since last request: 0.000023 seconds.
  path: Assets/Fantasy SFX for Particle Distort Texture effect library/msfx_explosion_3_bell.wav
  artifactKey: Guid(28e9b4a6c3d32174983bf47e70dcb41b) Importer(815301076,1909f56bfc062723c751e8b465ee728b)
Start importing Assets/Fantasy SFX for Particle Distort Texture effect library/msfx_explosion_3_bell.wav using Guid(28e9b4a6c3d32174983bf47e70dcb41b) Importer(815301076,1909f56bfc062723c751e8b465ee728b)  -> (artifact id: '0a983041821c3d1c9164efd91c554276') in 0.014670 seconds 
========================================================================
Received Import Request.
  Time since last request: 0.000065 seconds.
  path: Assets/Fantasy SFX for Particle Distort Texture effect library/sfx_explosion_3.wav
  artifactKey: Guid(ae143492ebcfa344d89463a25ffeb64f) Importer(815301076,1909f56bfc062723c751e8b465ee728b)
Start importing Assets/Fantasy SFX for Particle Distort Texture effect library/sfx_explosion_3.wav using Guid(ae143492ebcfa344d89463a25ffeb64f) Importer(815301076,1909f56bfc062723c751e8b465ee728b)  -> (artifact id: 'c39c3395b58d72e0f5c7eafb0b22e2d2') in 0.014063 seconds 
========================================================================
Received Import Request.
  Time since last request: 0.000052 seconds.
  path: Assets/Fantasy SFX for Particle Distort Texture effect library/msfx_explosion_1_explode.wav
  artifactKey: Guid(c7865fd595be8a046a018f3e24771dd6) Importer(815301076,1909f56bfc062723c751e8b465ee728b)
Start importing Assets/Fantasy SFX for Particle Distort Texture effect library/msfx_explosion_1_explode.wav using Guid(c7865fd595be8a046a018f3e24771dd6) Importer(815301076,1909f56bfc062723c751e8b465ee728b)  -> (artifact id: 'e54761685df240760fd9f8d5c5d4d9ef') in 0.015352 seconds 
========================================================================
Received Import Request.
  Time since last request: 0.000028 seconds.
  path: Assets/Fantasy SFX for Particle Distort Texture effect library/sfx_chrono_gale.wav
  artifactKey: Guid(3a7e3ee195b047a42aedb63329649a55) Importer(815301076,1909f56bfc062723c751e8b465ee728b)
Start importing Assets/Fantasy SFX for Particle Distort Texture effect library/sfx_chrono_gale.wav using Guid(3a7e3ee195b047a42aedb63329649a55) Importer(815301076,1909f56bfc062723c751e8b465ee728b)  -> (artifact id: 'dae36eabc2a77d0e6c9f37c867cd8a1e') in 0.013812 seconds 
========================================================================
Received Import Request.
  Time since last request: 0.000029 seconds.
  path: Assets/Fantasy SFX for Particle Distort Texture effect library/sfx_explosion_1.wav
  artifactKey: Guid(89e0f69e3ad999a4aa99111f0765d6b7) Importer(815301076,1909f56bfc062723c751e8b465ee728b)
Start importing Assets/Fantasy SFX for Particle Distort Texture effect library/sfx_explosion_1.wav using Guid(89e0f69e3ad999a4aa99111f0765d6b7) Importer(815301076,1909f56bfc062723c751e8b465ee728b)  -> (artifact id: 'c6a4b7cd8bff7d3058e4160d21a9dd68') in 0.013714 seconds 
========================================================================
Received Import Request.
  Time since last request: 0.000035 seconds.
  path: Assets/Fantasy SFX for Particle Distort Texture effect library/msfx_chrono_gale_phase.wav
  artifactKey: Guid(9347dabc1ca10264daeeb9cfb1131286) Importer(815301076,1909f56bfc062723c751e8b465ee728b)
Start importing Assets/Fantasy SFX for Particle Distort Texture effect library/msfx_chrono_gale_phase.wav using Guid(9347dabc1ca10264daeeb9cfb1131286) Importer(815301076,1909f56bfc062723c751e8b465ee728b)  -> (artifact id: 'bcdebdda13e93f58863618a3ebfb8a60') in 0.013737 seconds 
========================================================================
Received Import Request.
  Time since last request: 0.000057 seconds.
  path: Assets/Fantasy SFX for Particle Distort Texture effect library/msfx_chrono_latency_bell.wav
  artifactKey: Guid(782d663f20394964a8dd5cf7e0df5d9d) Importer(815301076,1909f56bfc062723c751e8b465ee728b)
Start importing Assets/Fantasy SFX for Particle Distort Texture effect library/msfx_chrono_latency_bell.wav using Guid(782d663f20394964a8dd5cf7e0df5d9d) Importer(815301076,1909f56bfc062723c751e8b465ee728b)  -> (artifact id: '9123dfe0b27918ffaae9c737203ae3b8') in 0.013609 seconds 
========================================================================
Received Import Request.
  Time since last request: 0.000031 seconds.
  path: Assets/Fantasy SFX for Particle Distort Texture effect library/msfx_shield_glass_blow.wav
  artifactKey: Guid(32a085624b9f652458773be29e8fc6c1) Importer(815301076,1909f56bfc062723c751e8b465ee728b)
Start importing Assets/Fantasy SFX for Particle Distort Texture effect library/msfx_shield_glass_blow.wav using Guid(32a085624b9f652458773be29e8fc6c1) Importer(815301076,1909f56bfc062723c751e8b465ee728b)  -> (artifact id: 'b18887c35422ec8ac7d2a1245503ad34') in 0.014720 seconds 
========================================================================
Received Import Request.
  Time since last request: 0.000041 seconds.
  path: Assets/Fantasy SFX for Particle Distort Texture effect library/msfx_shield_glass_open.wav
  artifactKey: Guid(2197b7071791ba54b8c5bf606a1dfe6a) Importer(815301076,1909f56bfc062723c751e8b465ee728b)
Start importing Assets/Fantasy SFX for Particle Distort Texture effect library/msfx_shield_glass_open.wav using Guid(2197b7071791ba54b8c5bf606a1dfe6a) Importer(815301076,1909f56bfc062723c751e8b465ee728b)  -> (artifact id: '7daf8d565690150496ffa6cba32b42b5') in 0.014072 seconds 
========================================================================
Received Import Request.
  Time since last request: 0.000077 seconds.
  path: Assets/Fantasy SFX for Particle Distort Texture effect library/msfx_explosion_3_weed.wav
  artifactKey: Guid(c6236786972bc63468a551df46a2515f) Importer(815301076,1909f56bfc062723c751e8b465ee728b)
Start importing Assets/Fantasy SFX for Particle Distort Texture effect library/msfx_explosion_3_weed.wav using Guid(c6236786972bc63468a551df46a2515f) Importer(815301076,1909f56bfc062723c751e8b465ee728b)  -> (artifact id: '7f1b1a10cd5d0a5469d1e98a754a8261') in 0.015313 seconds 
========================================================================
Received Import Request.
  Time since last request: 0.000024 seconds.
  path: Assets/Fantasy SFX for Particle Distort Texture effect library/msfx_explosion_3_explode.wav
  artifactKey: Guid(523ebf68884d98049942c0866eb29b2c) Importer(815301076,1909f56bfc062723c751e8b465ee728b)
Start importing Assets/Fantasy SFX for Particle Distort Texture effect library/msfx_explosion_3_explode.wav using Guid(523ebf68884d98049942c0866eb29b2c) Importer(815301076,1909f56bfc062723c751e8b465ee728b)  -> (artifact id: '9a6baed36754f3d87ee8d346208424bc') in 0.015749 seconds 
========================================================================
Received Import Request.
  Time since last request: 0.000034 seconds.
  path: Assets/Fantasy SFX for Particle Distort Texture effect library/msfx_abyss_portal.wav
  artifactKey: Guid(1ab0fdc0a98f42243b6934a55ebb3c4f) Importer(815301076,1909f56bfc062723c751e8b465ee728b)
Start importing Assets/Fantasy SFX for Particle Distort Texture effect library/msfx_abyss_portal.wav using Guid(1ab0fdc0a98f42243b6934a55ebb3c4f) Importer(815301076,1909f56bfc062723c751e8b465ee728b)  -> (artifact id: '87eb30e83de4cc65801e8236e15e6afd') in 0.015284 seconds 
========================================================================
Received Import Request.
  Time since last request: 0.000047 seconds.
  path: Assets/Fantasy SFX for Particle Distort Texture effect library/msfx_chrono_gale_sigh.wav
  artifactKey: Guid(2887ef7e2f44bc34abf1ce43fb01f4c4) Importer(815301076,1909f56bfc062723c751e8b465ee728b)
Start importing Assets/Fantasy SFX for Particle Distort Texture effect library/msfx_chrono_gale_sigh.wav using Guid(2887ef7e2f44bc34abf1ce43fb01f4c4) Importer(815301076,1909f56bfc062723c751e8b465ee728b)  -> (artifact id: '8ccab4e546842b653c803c7ee253ab5e') in 0.015042 seconds 
========================================================================
Received Import Request.
  Time since last request: 0.000022 seconds.
  path: Assets/Fantasy SFX for Particle Distort Texture effect library/msfx_explosion_2_explode.wav
  artifactKey: Guid(5543cefa2f8fc9e40bb3b5af6eac40ad) Importer(815301076,1909f56bfc062723c751e8b465ee728b)
Start importing Assets/Fantasy SFX for Particle Distort Texture effect library/msfx_explosion_2_explode.wav using Guid(5543cefa2f8fc9e40bb3b5af6eac40ad) Importer(815301076,1909f56bfc062723c751e8b465ee728b)  -> (artifact id: 'b467195aea6f89f2d3d328425d550e4e') in 0.016377 seconds 
========================================================================
Received Import Request.
  Time since last request: 0.000053 seconds.
  path: Assets/Fantasy SFX for Particle Distort Texture effect library/msfx_aura_wind_low.wav
  artifactKey: Guid(4600ae768f0e1084da6bae5c548dc487) Importer(815301076,1909f56bfc062723c751e8b465ee728b)
Start importing Assets/Fantasy SFX for Particle Distort Texture effect library/msfx_aura_wind_low.wav using Guid(4600ae768f0e1084da6bae5c548dc487) Importer(815301076,1909f56bfc062723c751e8b465ee728b)  -> (artifact id: '1916c4259427cc92e624e016a7db7a67') in 0.014589 seconds 
========================================================================
Received Import Request.
  Time since last request: 0.000024 seconds.
  path: Assets/Fantasy SFX for Particle Distort Texture effect library/sfx_aura.wav
  artifactKey: Guid(f4504136726ad314ea47de102a8627bc) Importer(815301076,1909f56bfc062723c751e8b465ee728b)
Start importing Assets/Fantasy SFX for Particle Distort Texture effect library/sfx_aura.wav using Guid(f4504136726ad314ea47de102a8627bc) Importer(815301076,1909f56bfc062723c751e8b465ee728b)  -> (artifact id: '5251f37057a54022aa8fe44efb589aab') in 0.014120 seconds 
========================================================================
Received Import Request.
  Time since last request: 0.000042 seconds.
  path: Assets/Fantasy SFX for Particle Distort Texture effect library/sfx_shield.wav
  artifactKey: Guid(fe58af53a4274b34aac9753aaa83b103) Importer(815301076,1909f56bfc062723c751e8b465ee728b)
Start importing Assets/Fantasy SFX for Particle Distort Texture effect library/sfx_shield.wav using Guid(fe58af53a4274b34aac9753aaa83b103) Importer(815301076,1909f56bfc062723c751e8b465ee728b)  -> (artifact id: '6d3502ce9f73725c6374ef59470159bd') in 0.016026 seconds 
Editor requested this worker to shutdown with reason: Scaling down because of idle timeout
AssetImportWorker is now disconnected from the server
Process exiting
Exiting without the bug reporter. Application will terminate with return code 0